<?xml version="1.0" encoding="UTF-8" standalone="no"?>
<testsuite errors="0" failures="4" name="io.cucumber.core.plugin.JUnitFormatter" skipped="0" tests="4" time="6.043">
    <testcase classname="A/B Testing" name="Verify A/B Test Page Loads Correctly" time="2.258">
        <failure message="Unable to establish websocket connection to http://localhost:44017/devtools/browser/65aa7f68-93eb-4ad1-a2b7-8cc86f67746a&#10;Build info: version: '4.0.0', revision: '3a21814679'&#10;System info: host: 'codespaces-944903', ip: '127.0.0.1', os.name: 'Linux', os.arch: 'amd64', os.version: '6.5.0-1025-azure', java.version: '21.0.6'&#10;Driver info: driver.version: ChromeDriver" type="org.openqa.selenium.remote.http.ConnectionFailedException"><![CDATA[Given I navigate to the A/B Testing page....................................skipped
Then I should see the A/B test text.........................................skipped

StackTrace:
org.openqa.selenium.remote.http.ConnectionFailedException: Unable to establish websocket connection to http://localhost:44017/devtools/browser/65aa7f68-93eb-4ad1-a2b7-8cc86f67746a
Build info: version: '4.0.0', revision: '3a21814679'
System info: host: 'codespaces-944903', ip: '127.0.0.1', os.name: 'Linux', os.arch: 'amd64', os.version: '6.5.0-1025-azure', java.version: '21.0.6'
Driver info: driver.version: ChromeDriver
	at org.openqa.selenium.remote.http.netty.NettyWebSocket.<init>(NettyWebSocket.java:104)
	at org.openqa.selenium.remote.http.netty.NettyWebSocket.lambda$create$3(NettyWebSocket.java:137)
	at org.openqa.selenium.remote.http.netty.NettyClient.openSocket(NettyClient.java:127)
	at org.openqa.selenium.devtools.Connection.<init>(Connection.java:77)
	at org.openqa.selenium.chromium.ChromiumDriver.lambda$new$2(ChromiumDriver.java:124)
	at java.base/java.util.Optional.map(Optional.java:260)
	at org.openqa.selenium.chromium.ChromiumDriver.<init>(ChromiumDriver.java:122)
	at org.openqa.selenium.chrome.ChromeDriver.<init>(ChromeDriver.java:104)
	at org.openqa.selenium.chrome.ChromeDriver.<init>(ChromeDriver.java:91)
	at org.openqa.selenium.chrome.ChromeDriver.<init>(ChromeDriver.java:80)
	at steps.ABTestingSteps.setUp(ABTestingSteps.java:24)
]]></failure>
    </testcase>
    <testcase classname="Login functionality on The Internet" name="Successful login with valid credentials" time="1.093">
        <failure message="Unable to establish websocket connection to http://localhost:32791/devtools/browser/fc510386-5088-47c9-9e3a-b75e7d5c99ae&#10;Build info: version: '4.0.0', revision: '3a21814679'&#10;System info: host: 'codespaces-944903', ip: '127.0.0.1', os.name: 'Linux', os.arch: 'amd64', os.version: '6.5.0-1025-azure', java.version: '21.0.6'&#10;Driver info: driver.version: ChromeDriver" type="org.openqa.selenium.remote.http.ConnectionFailedException"><![CDATA[Given the user is on the login page.........................................skipped
When the user enters username "tomsmith" and password "SuperSecretPassword!".skipped
And the user clicks the login button........................................skipped
Then the user should be redirected to the secure area.......................skipped
And a success "You logged into a secure area!" should be displayed..........skipped

StackTrace:
org.openqa.selenium.remote.http.ConnectionFailedException: Unable to establish websocket connection to http://localhost:32791/devtools/browser/fc510386-5088-47c9-9e3a-b75e7d5c99ae
Build info: version: '4.0.0', revision: '3a21814679'
System info: host: 'codespaces-944903', ip: '127.0.0.1', os.name: 'Linux', os.arch: 'amd64', os.version: '6.5.0-1025-azure', java.version: '21.0.6'
Driver info: driver.version: ChromeDriver
	at org.openqa.selenium.remote.http.netty.NettyWebSocket.<init>(NettyWebSocket.java:104)
	at org.openqa.selenium.remote.http.netty.NettyWebSocket.lambda$create$3(NettyWebSocket.java:137)
	at org.openqa.selenium.remote.http.netty.NettyClient.openSocket(NettyClient.java:127)
	at org.openqa.selenium.devtools.Connection.<init>(Connection.java:77)
	at org.openqa.selenium.chromium.ChromiumDriver.lambda$new$2(ChromiumDriver.java:124)
	at java.base/java.util.Optional.map(Optional.java:260)
	at org.openqa.selenium.chromium.ChromiumDriver.<init>(ChromiumDriver.java:122)
	at org.openqa.selenium.chrome.ChromeDriver.<init>(ChromeDriver.java:104)
	at org.openqa.selenium.chrome.ChromeDriver.<init>(ChromeDriver.java:91)
	at org.openqa.selenium.chrome.ChromeDriver.<init>(ChromeDriver.java:80)
	at steps.ABTestingSteps.setUp(ABTestingSteps.java:24)
]]></failure>
    </testcase>
    <testcase classname="Google Search" name="Search for a term" time="1.2">
        <failure message="Unable to establish websocket connection to http://localhost:41825/devtools/browser/f60206ca-dc4a-44cb-a7d1-a55feb40c33c&#10;Build info: version: '4.0.0', revision: '3a21814679'&#10;System info: host: 'codespaces-944903', ip: '127.0.0.1', os.name: 'Linux', os.arch: 'amd64', os.version: '6.5.0-1025-azure', java.version: '21.0.6'&#10;Driver info: driver.version: ChromeDriver" type="org.openqa.selenium.remote.http.ConnectionFailedException"><![CDATA[Given I am on the Google search page........................................skipped
When I search for "GitHub"..................................................skipped
Then I should see "GitHub" in the results...................................skipped

StackTrace:
org.openqa.selenium.remote.http.ConnectionFailedException: Unable to establish websocket connection to http://localhost:41825/devtools/browser/f60206ca-dc4a-44cb-a7d1-a55feb40c33c
Build info: version: '4.0.0', revision: '3a21814679'
System info: host: 'codespaces-944903', ip: '127.0.0.1', os.name: 'Linux', os.arch: 'amd64', os.version: '6.5.0-1025-azure', java.version: '21.0.6'
Driver info: driver.version: ChromeDriver
	at org.openqa.selenium.remote.http.netty.NettyWebSocket.<init>(NettyWebSocket.java:104)
	at org.openqa.selenium.remote.http.netty.NettyWebSocket.lambda$create$3(NettyWebSocket.java:137)
	at org.openqa.selenium.remote.http.netty.NettyClient.openSocket(NettyClient.java:127)
	at org.openqa.selenium.devtools.Connection.<init>(Connection.java:77)
	at org.openqa.selenium.chromium.ChromiumDriver.lambda$new$2(ChromiumDriver.java:124)
	at java.base/java.util.Optional.map(Optional.java:260)
	at org.openqa.selenium.chromium.ChromiumDriver.<init>(ChromiumDriver.java:122)
	at org.openqa.selenium.chrome.ChromeDriver.<init>(ChromeDriver.java:104)
	at org.openqa.selenium.chrome.ChromeDriver.<init>(ChromeDriver.java:91)
	at org.openqa.selenium.chrome.ChromeDriver.<init>(ChromeDriver.java:80)
	at steps.ABTestingSteps.setUp(ABTestingSteps.java:24)
]]></failure>
    </testcase>
    <testcase classname="Number Input Field Testing" name="Verify number input accepts valid numbers" time="1.133">
        <failure message="Unable to establish websocket connection to http://localhost:41891/devtools/browser/ad22006a-5315-445d-9bcf-d2464c435a77&#10;Build info: version: '4.0.0', revision: '3a21814679'&#10;System info: host: 'codespaces-944903', ip: '127.0.0.1', os.name: 'Linux', os.arch: 'amd64', os.version: '6.5.0-1025-azure', java.version: '21.0.6'&#10;Driver info: driver.version: ChromeDriver" type="org.openqa.selenium.remote.http.ConnectionFailedException"><![CDATA[Given I navigate to the Number Input page...................................skipped
When I enter "42" in the number field.......................................skipped
Then The number field should contain "42"...................................skipped

StackTrace:
org.openqa.selenium.remote.http.ConnectionFailedException: Unable to establish websocket connection to http://localhost:41891/devtools/browser/ad22006a-5315-445d-9bcf-d2464c435a77
Build info: version: '4.0.0', revision: '3a21814679'
System info: host: 'codespaces-944903', ip: '127.0.0.1', os.name: 'Linux', os.arch: 'amd64', os.version: '6.5.0-1025-azure', java.version: '21.0.6'
Driver info: driver.version: ChromeDriver
	at org.openqa.selenium.remote.http.netty.NettyWebSocket.<init>(NettyWebSocket.java:104)
	at org.openqa.selenium.remote.http.netty.NettyWebSocket.lambda$create$3(NettyWebSocket.java:137)
	at org.openqa.selenium.remote.http.netty.NettyClient.openSocket(NettyClient.java:127)
	at org.openqa.selenium.devtools.Connection.<init>(Connection.java:77)
	at org.openqa.selenium.chromium.ChromiumDriver.lambda$new$2(ChromiumDriver.java:124)
	at java.base/java.util.Optional.map(Optional.java:260)
	at org.openqa.selenium.chromium.ChromiumDriver.<init>(ChromiumDriver.java:122)
	at org.openqa.selenium.chrome.ChromeDriver.<init>(ChromeDriver.java:104)
	at org.openqa.selenium.chrome.ChromeDriver.<init>(ChromeDriver.java:91)
	at org.openqa.selenium.chrome.ChromeDriver.<init>(ChromeDriver.java:80)
	at steps.ABTestingSteps.setUp(ABTestingSteps.java:24)
]]></failure>
    </testcase>
</testsuite>
